Using pre-set license
Built from '2020.3/staging' branch; Version is '2020.3.11f1 (99c7afb366b3) revision 10078127'; Using compiler version '192528614'; Build Type 'Release'
OS: 'Windows 10 Pro; OS build 19043.1237; Version 2009; 64bit' Language: 'ja' Physical Memory: 16258 MB
BatchMode: 1, IsHumanControllingUs: 0, StartBugReporterOnCrash: 0, Is64bit: 1, IsPro: 0

 COMMAND LINE ARGUMENTS:
E:\Unity\2020.3.11f1\Editor\Unity.exe
-adb2
-batchMode
-noUpm
-name
AssetImportWorker0
-projectPath
D:/Unity project/Billiard_demo
-logFile
Logs/AssetImportWorker0.log
-srvPort
49227
Successfully changed project path to: D:/Unity project/Billiard_demo
D:/Unity project/Billiard_demo
Using Asset Import Pipeline V2.
Refreshing native plugins compatible for Editor in 27.59 ms, found 2 plugins.
Preloading 0 native plugins for Editor in 0.00 ms.
Initialize engine version: 2020.3.11f1 (99c7afb366b3)
[Subsystems] Discovering subsystems at path E:/Unity/2020.3.11f1/Editor/Data/Resources/UnitySubsystems
[Subsystems] Discovering subsystems at path D:/Unity project/Billiard_demo/Assets
GfxDevice: creating device client; threaded=0
Direct3D:
    Version:  Direct3D 11.0 [level 11.1]
    Renderer: NVIDIA GeForce RTX 2070 with Max-Q Design (ID=0x1f50)
    Vendor:   
    VRAM:     8031 MB
    Driver:   27.21.14.6280
Initialize mono
Mono path[0] = 'E:/Unity/2020.3.11f1/Editor/Data/Managed'
Mono path[1] = 'E:/Unity/2020.3.11f1/Editor/Data/MonoBleedingEdge/lib/mono/unityjit'
Mono config path = 'E:/Unity/2020.3.11f1/Editor/Data/MonoBleedingEdge/etc'
Using monoOptions --debugger-agent=transport=dt_socket,embedding=1,server=y,suspend=n,address=127.0.0.1:56040
Begin MonoManager ReloadAssembly
Registering precompiled unity dll's ...
Register platform support module: E:/Unity/2020.3.11f1/Editor/Data/PlaybackEngines/WindowsStandaloneSupport/UnityEditor.WindowsStandalone.Extensions.dll
Registered in 0.001171 seconds.
Native extension for WindowsStandalone target not found
Refreshing native plugins compatible for Editor in 29.50 ms, found 2 plugins.
Preloading 0 native plugins for Editor in 0.00 ms.
Mono: successfully reloaded assembly
- Completed reload, in  1.134 seconds
Platform modules already initialized, skipping
Registering precompiled user dll's ...
Registered in 0.005116 seconds.
Begin MonoManager ReloadAssembly
Native extension for WindowsStandalone target not found
Refreshing native plugins compatible for Editor in 0.38 ms, found 2 plugins.
Preloading 0 native plugins for Editor in 0.00 ms.
Mono: successfully reloaded assembly
- Completed reload, in  1.310 seconds
Platform modules already initialized, skipping
========================================================================
Worker process is ready to serve import requests
Launched and connected shader compiler UnityShaderCompiler.exe after 0.09 seconds
Refreshing native plugins compatible for Editor in 0.76 ms, found 2 plugins.
Preloading 0 native plugins for Editor in 0.00 ms.
Unloading 1391 Unused Serialized files (Serialized files now loaded: 0)
System memory in use before: 67.6 MB.
System memory in use after: 67.7 MB.

Unloading 19 unused Assets to reduce memory usage. Loaded Objects now: 1824.
Total: 8.201100 ms (FindLiveObjects: 0.283000 ms CreateObjectMapping: 0.105900 ms MarkObjects: 7.675100 ms  DeleteObjects: 0.135200 ms)

========================================================================
Received Import Request.
  path: Assets/BallController.cs
  artifactKey: Guid(3fed10b92bc84b8488f8aeaac7c6661c) Importer(815301076,1909f56bfc062723c751e8b465ee728b)
Start importing Assets/BallController.cs using Guid(3fed10b92bc84b8488f8aeaac7c6661c) Importer(815301076,1909f56bfc062723c751e8b465ee728b)  -> (artifact id: 'f2f9283364c276c6d686bebbaa0b0102') in 0.060588 seconds
  Import took 0.064587 seconds .

========================================================================
Received Prepare
Refreshing native plugins compatible for Editor in 3.13 ms, found 2 plugins.
Preloading 0 native plugins for Editor in 0.00 ms.
Unloading 12 Unused Serialized files (Serialized files now loaded: 0)
System memory in use before: 40.2 MB.
System memory in use after: 40.3 MB.

Unloading 12 unused Assets to reduce memory usage. Loaded Objects now: 1824.
Total: 1.883600 ms (FindLiveObjects: 0.172700 ms CreateObjectMapping: 0.079900 ms MarkObjects: 1.585000 ms  DeleteObjects: 0.045100 ms)

========================================================================
Received Prepare
Registering precompiled user dll's ...
Registered in 0.004173 seconds.
Begin MonoManager ReloadAssembly
Native extension for WindowsStandalone target not found
Refreshing native plugins compatible for Editor in 0.29 ms, found 2 plugins.
Preloading 0 native plugins for Editor in 0.00 ms.
Mono: successfully reloaded assembly
- Completed reload, in  0.897 seconds
Platform modules already initialized, skipping
Refreshing native plugins compatible for Editor in 0.29 ms, found 2 plugins.
Preloading 0 native plugins for Editor in 0.00 ms.
Unloading 1385 Unused Serialized files (Serialized files now loaded: 0)
System memory in use before: 67.7 MB.
System memory in use after: 67.8 MB.

Unloading 14 unused Assets to reduce memory usage. Loaded Objects now: 1827.
Total: 2.067500 ms (FindLiveObjects: 0.137000 ms CreateObjectMapping: 0.048200 ms MarkObjects: 1.835200 ms  DeleteObjects: 0.046100 ms)

========================================================================
Received Prepare
Refreshing native plugins compatible for Editor in 4.59 ms, found 2 plugins.
Preloading 0 native plugins for Editor in 0.00 ms.
Unloading 12 Unused Serialized files (Serialized files now loaded: 0)
System memory in use before: 40.6 MB.
System memory in use after: 40.6 MB.

Unloading 12 unused Assets to reduce memory usage. Loaded Objects now: 1827.
Total: 2.359800 ms (FindLiveObjects: 0.145200 ms CreateObjectMapping: 0.050400 ms MarkObjects: 2.108200 ms  DeleteObjects: 0.054800 ms)

========================================================================
Received Prepare
Refreshing native plugins compatible for Editor in 2.84 ms, found 2 plugins.
Preloading 0 native plugins for Editor in 0.00 ms.
Unloading 12 Unused Serialized files (Serialized files now loaded: 0)
System memory in use before: 40.6 MB.
System memory in use after: 40.6 MB.

Unloading 12 unused Assets to reduce memory usage. Loaded Objects now: 1827.
Total: 1.943200 ms (FindLiveObjects: 0.123900 ms CreateObjectMapping: 0.039500 ms MarkObjects: 1.734200 ms  DeleteObjects: 0.044600 ms)

========================================================================
Received Import Request.
  Time since last request: 293.603453 seconds.
  path: Assets/ColorBall.cs
  artifactKey: Guid(9f0c9cfd9b011d345a5d15c8112c9105) Importer(815301076,1909f56bfc062723c751e8b465ee728b)
Start importing Assets/ColorBall.cs using Guid(9f0c9cfd9b011d345a5d15c8112c9105) Importer(815301076,1909f56bfc062723c751e8b465ee728b)  -> (artifact id: 'b4aed79a9a9bbf22083f965266fe3b5f') in 0.009072 seconds
  Import took 0.011756 seconds .

========================================================================
Received Import Request.
  Time since last request: 5.757761 seconds.
  path: Assets/Prefabs/Color Ball.prefab
  artifactKey: Guid(3acea3d2b6068bf449b5d0dab5a30666) Importer(815301076,1909f56bfc062723c751e8b465ee728b)
Start importing Assets/Prefabs/Color Ball.prefab using Guid(3acea3d2b6068bf449b5d0dab5a30666) Importer(815301076,1909f56bfc062723c751e8b465ee728b)  -> (artifact id: 'e0136c6b536bc2a146845eab10932d47') in 0.087971 seconds
  Import took 0.090337 seconds .

========================================================================
Received Prepare
Registering precompiled user dll's ...
Registered in 0.005655 seconds.
Begin MonoManager ReloadAssembly
Native extension for WindowsStandalone target not found
Refreshing native plugins compatible for Editor in 0.27 ms, found 2 plugins.
Preloading 0 native plugins for Editor in 0.00 ms.
Mono: successfully reloaded assembly
- Completed reload, in  0.850 seconds
Platform modules already initialized, skipping
Refreshing native plugins compatible for Editor in 0.28 ms, found 2 plugins.
Preloading 0 native plugins for Editor in 0.00 ms.
Unloading 1385 Unused Serialized files (Serialized files now loaded: 0)
System memory in use before: 70.9 MB.
System memory in use after: 71.0 MB.

Unloading 15 unused Assets to reduce memory usage. Loaded Objects now: 1838.
Total: 1.756100 ms (FindLiveObjects: 0.134400 ms CreateObjectMapping: 0.035000 ms MarkObjects: 1.535100 ms  DeleteObjects: 0.050900 ms)

AssetImportWorkerClient::OnTransportError - code=2 error=End of file
